<?xml version="1.0" encoding="UTF-8"?>
<!-- Generated by org.testng.reporters.JUnitXMLReporter -->
<testsuite ignored="1" hostname="ZIL948" failures="0" tests="2" name="Default test" time="5.776" errors="0" timestamp="2024-08-02T16:15:00 IST">
  <testcase classname="TestNG.GoogleTest" name="test3" time="0.145"/>
  <testcase classname="TestNG.GoogleTest" name="test1" time="0.01"/>
  <testcase classname="TestNG.GoogleTest" name="test2" time="0.0">
    <ignored/>
  </testcase> <!-- test2 -->
</testsuite> <!-- Default test -->
