<?xml version="1.0" encoding="UTF-8"?>
<!-- Generated by org.testng.reporters.JUnitXMLReporter -->
<testsuite ignored="2" hostname="ZIL948" failures="0" tests="1" name="Demo(failed)" time="3.27" errors="0" timestamp="2024-08-02T11:00:42 IST">
  <testcase classname="Assignment.Demo1" name="step2" time="3.247"/>
  <testcase classname="Assignment.Demo1" name="step1" time="0.0">
    <ignored/>
  </testcase> <!-- step1 -->
  <testcase classname="Assignment.Demo1" name="step" time="0.0">
    <ignored/>
  </testcase> <!-- step -->
</testsuite> <!-- Demo(failed) -->
