<?xml version="1.0" encoding="UTF-8"?>
<!-- Generated by org.testng.reporters.JUnitXMLReporter -->
<testsuite ignored="0" hostname="ZIL948" failures="1" tests="3" name="Demo" time="5.432" errors="0" timestamp="2024-08-02T11:00:00 IST">
  <testcase classname="Assignment.Demo1" name="step" time="0.007"/>
  <testcase classname="Assignment.Demo1" name="step1" time="2.911"/>
  <testcase classname="Assignment.Demo1" name="step2" time="2.489">
    <failure type="java.lang.AssertionError" message="expected [Googlee] but found [Google]">
      <![CDATA[java.lang.AssertionError: expected [Googlee] but found [Google]
at Assignment.Demo1.step2(Demo1.java:40)
at java.base/java.util.ArrayList.forEach(ArrayList.java:1511)
... Removed 33 stack frames]]>
    </failure>
  </testcase> <!-- step2 -->
</testsuite> <!-- Demo -->
