<?xml version="1.0" encoding="UTF-8"?>
<!-- Generated by org.testng.reporters.JUnitXMLReporter -->
<testsuite ignored="0" hostname="ZIL948" failures="1" tests="18" name="SmokeTest" time="8.942" errors="0" timestamp="2024-08-02T14:27:08 IST">
  <testcase classname="TestNG.DependsTest" name="test1" time="2.518"/>
  <testcase classname="TestNG.DependsTest" name="test2" time="0.144"/>
  <testcase classname="TestNG.DependsTest" name="test3" time="0.011">
    <failure type="java.lang.AssertionError" message="Title Is Not Matched expected [Swag Lab4s] but found [Swag Labs]">
      <![CDATA[java.lang.AssertionError: Title Is Not Matched expected [Swag Lab4s] but found [Swag Labs]
at TestNG.DependsTest.test3(DependsTest.java:34)
at java.base/java.util.ArrayList.forEach(ArrayList.java:1511)
... Removed 32 stack frames]]>
    </failure>
  </testcase> <!-- test3 -->
  <testcase classname="TestNG.RunTest_N_times" name="sum" time="0.001"/>
  <testcase classname="TestNG.RunTest_N_times" name="sum" time="0.0"/>
  <testcase classname="TestNG.RunTest_N_times" name="sum" time="0.0"/>
  <testcase classname="TestNG.RunTest_N_times" name="sum" time="0.0"/>
  <testcase classname="TestNG.RunTest_N_times" name="sum" time="0.0"/>
  <testcase classname="TestNG.RunTest_N_times" name="sum" time="0.0"/>
  <testcase classname="TestNG.RunTest_N_times" name="sum" time="0.001"/>
  <testcase classname="TestNG.RunTest_N_times" name="sum" time="0.001"/>
  <testcase classname="TestNG.RunTest_N_times" name="sum" time="0.001"/>
  <testcase classname="TestNG.RunTest_N_times" name="sum" time="0.0"/>
  <testcase classname="TestNG.GoogleTest" name="test3" time="0.151"/>
  <testcase classname="TestNG.GoogleTest" name="test2" time="0.026"/>
  <testcase classname="TestNG.GoogleTest" name="test1" time="0.006"/>
  <testcase classname="TestNG.Annotations" name="test1" time="0.0"/>
  <testcase classname="TestNG.Annotations" name="test2" time="0.001"/>
</testsuite> <!-- SmokeTest -->
