<?xml version="1.0" encoding="UTF-8"?>
<testng-results ignored="0" total="1" passed="1" failed="0" skipped="0">
  <reporter-output>
  </reporter-output>
  <suite started-at="2024-09-30T19:42:03 IST" name="Default suite" finished-at="2024-09-30T19:42:07 IST" duration-ms="4699">
    <groups>
    </groups>
    <test started-at="2024-09-30T19:42:03 IST" name="Default test" finished-at="2024-09-30T19:42:07 IST" duration-ms="4699">
      <class name="Appium.youtubeEmultaor">
        <test-method signature="run()[pri:0, instance:Appium.youtubeEmultaor@5b218417]" started-at="2024-09-30T19:42:03 IST" name="run" finished-at="2024-09-30T19:42:07 IST" duration-ms="4676" status="PASS">
          <reporter-output>
          </reporter-output>
        </test-method> <!-- run -->
      </class> <!-- Appium.youtubeEmultaor -->
    </test> <!-- Default test -->
  </suite> <!-- Default suite -->
</testng-results>
