<?xml version="1.0" encoding="UTF-8"?>
<testng-results ignored="0" total="1" passed="1" failed="0" skipped="0">
  <reporter-output>
  </reporter-output>
  <suite started-at="2024-05-27T12:49:27 IST" name="Default suite" finished-at="2024-05-27T12:49:31 IST" duration-ms="4530">
    <groups>
    </groups>
    <test started-at="2024-05-27T12:49:27 IST" name="Default test" finished-at="2024-05-27T12:49:31 IST" duration-ms="4530">
      <class name="Main.Demo">
        <test-method signature="step1()[pri:0, instance:Main.Demo@4e28bdd1]" started-at="2024-05-27T12:49:27 IST" name="step1" finished-at="2024-05-27T12:49:31 IST" duration-ms="4487" status="PASS">
          <reporter-output>
          </reporter-output>
        </test-method> <!-- step1 -->
      </class> <!-- Main.Demo -->
    </test> <!-- Default test -->
  </suite> <!-- Default suite -->
</testng-results>
