<?xml version="1.0" encoding="UTF-8"?>
<testng-results ignored="0" total="1" passed="1" failed="0" skipped="0">
  <reporter-output>
  </reporter-output>
  <suite started-at="2024-06-06T17:06:14 IST" name="Default suite" finished-at="2024-06-06T17:06:19 IST" duration-ms="4379">
    <groups>
    </groups>
    <test started-at="2024-06-06T17:06:14 IST" name="Default test" finished-at="2024-06-06T17:06:19 IST" duration-ms="4379">
      <class name="Main.implicitWait">
        <test-method signature="step1()[pri:0, instance:Main.implicitWait@4a335fa8]" started-at="2024-06-06T17:06:15 IST" name="step1" finished-at="2024-06-06T17:06:19 IST" duration-ms="4349" status="PASS">
          <reporter-output>
          </reporter-output>
        </test-method> <!-- step1 -->
      </class> <!-- Main.implicitWait -->
    </test> <!-- Default test -->
  </suite> <!-- Default suite -->
</testng-results>
