<?xml version="1.0" encoding="UTF-8"?>
<testng-results ignored="0" total="2" passed="2" failed="0" skipped="0">
  <reporter-output>
  </reporter-output>
  <suite started-at="2024-07-23T10:12:05 IST" name="Demo1" finished-at="2024-07-23T10:12:11 IST" duration-ms="6142">
    <groups>
    </groups>
    <test started-at="2024-07-23T10:12:05 IST" name="Demo" finished-at="2024-07-23T10:12:11 IST" duration-ms="6142">
      <class name="Assignment.Demo1">
        <test-method signature="step1()[pri:0, instance:Assignment.Demo1@64dafeed]" started-at="2024-07-23T10:12:05 IST" name="step1" finished-at="2024-07-23T10:12:09 IST" duration-ms="3851" status="PASS">
          <reporter-output>
          </reporter-output>
        </test-method> <!-- step1 -->
        <test-method signature="step2()[pri:0, instance:Assignment.Demo1@64dafeed]" started-at="2024-07-23T10:12:09 IST" name="step2" finished-at="2024-07-23T10:12:11 IST" duration-ms="2265" status="PASS">
          <reporter-output>
          </reporter-output>
        </test-method> <!-- step2 -->
      </class> <!-- Assignment.Demo1 -->
    </test> <!-- Demo -->
  </suite> <!-- Demo1 -->
</testng-results>
