<?xml version="1.0" encoding="UTF-8"?>
<!-- Generated by org.testng.reporters.JUnitXMLReporter -->
<testsuite ignored="1" hostname="ZIL948" failures="1" tests="2" name="Demo(failed)" time="15.569" errors="0" timestamp="2024-08-21T18:37:14 IST">
  <testcase classname="Assignment.Demo1" name="step1" time="8.967"/>
  <testcase classname="Assignment.Demo1" name="step2" time="6.581">
    <failure type="java.lang.AssertionError" message="expected [Googlee] but found [Google]">
      <![CDATA[java.lang.AssertionError: expected [Googlee] but found [Google]
at Assignment.Demo1.step2(Demo1.java:40)
at java.base/java.util.ArrayList.forEach(ArrayList.java:1511)
at TestNG.TestNGRunner.main(TestNGRunner.java:15)
... Removed 30 stack frames]]>
    </failure>
  </testcase> <!-- step2 -->
  <testcase classname="Assignment.Demo1" name="step" time="0.0">
    <ignored/>
  </testcase> <!-- step -->
</testsuite> <!-- Demo(failed) -->
